execve("./fifo", ["./fifo"], 0x7fff9ce022a0 /* 65 vars */) = 0
brk(NULL)                               = 0x55af54811000
access("/etc/ld.so.nohwcap", F_OK)      = -1 ENOENT (No such file or directory)
access("/etc/ld.so.preload", R_OK)      = -1 ENOENT (No such file or directory)
openat(AT_FDCWD, "/etc/ld.so.cache", O_RDONLY|O_CLOEXEC) = 3
fstat(3, {st_mode=S_IFREG|0644, st_size=68160, ...}) = 0
mmap(NULL, 68160, PROT_READ, MAP_PRIVATE, 3, 0) = 0x7f70f1c17000
close(3)                                = 0
access("/etc/ld.so.nohwcap", F_OK)      = -1 ENOENT (No such file or directory)
openat(AT_FDCWD, "/lib/x86_64-linux-gnu/libpthread.so.0", O_RDONLY|O_CLOEXEC) = 3
read(3, "\177ELF\2\1\1\0\0\0\0\0\0\0\0\0\3\0>\0\1\0\0\0000b\0\0\0\0\0\0"..., 832) = 832
fstat(3, {st_mode=S_IFREG|0755, st_size=144976, ...}) = 0
mmap(NULL, 8192, PROT_READ|PROT_WRITE, MAP_PRIVATE|MAP_ANONYMOUS, -1, 0) = 0x7f70f1c15000
mmap(NULL, 2221184, PROT_READ|PROT_EXEC, MAP_PRIVATE|MAP_DENYWRITE, 3, 0) = 0x7f70f17e2000
mprotect(0x7f70f17fc000, 2093056, PROT_NONE) = 0
mmap(0x7f70f19fb000, 8192, PROT_READ|PROT_WRITE, MAP_PRIVATE|MAP_FIXED|MAP_DENYWRITE, 3, 0x19000) = 0x7f70f19fb000
mmap(0x7f70f19fd000, 13440, PROT_READ|PROT_WRITE, MAP_PRIVATE|MAP_FIXED|MAP_ANONYMOUS, -1, 0) = 0x7f70f19fd000
close(3)                                = 0
access("/etc/ld.so.nohwcap", F_OK)      = -1 ENOENT (No such file or directory)
openat(AT_FDCWD, "/lib/x86_64-linux-gnu/libc.so.6", O_RDONLY|O_CLOEXEC) = 3
read(3, "\177ELF\2\1\1\3\0\0\0\0\0\0\0\0\3\0>\0\1\0\0\0\260\34\2\0\0\0\0\0"..., 832) = 832
fstat(3, {st_mode=S_IFREG|0755, st_size=2030544, ...}) = 0
mmap(NULL, 4131552, PROT_READ|PROT_EXEC, MAP_PRIVATE|MAP_DENYWRITE, 3, 0) = 0x7f70f13f1000
mprotect(0x7f70f15d8000, 2097152, PROT_NONE) = 0
mmap(0x7f70f17d8000, 24576, PROT_READ|PROT_WRITE, MAP_PRIVATE|MAP_FIXED|MAP_DENYWRITE, 3, 0x1e7000) = 0x7f70f17d8000
mmap(0x7f70f17de000, 15072, PROT_READ|PROT_WRITE, MAP_PRIVATE|MAP_FIXED|MAP_ANONYMOUS, -1, 0) = 0x7f70f17de000
close(3)                                = 0
mmap(NULL, 12288, PROT_READ|PROT_WRITE, MAP_PRIVATE|MAP_ANONYMOUS, -1, 0) = 0x7f70f1c12000
arch_prctl(ARCH_SET_FS, 0x7f70f1c12740) = 0
mprotect(0x7f70f17d8000, 16384, PROT_READ) = 0
mprotect(0x7f70f19fb000, 4096, PROT_READ) = 0
mprotect(0x55af52f6e000, 4096, PROT_READ) = 0
mprotect(0x7f70f1c28000, 4096, PROT_READ) = 0
munmap(0x7f70f1c17000, 68160)           = 0
set_tid_address(0x7f70f1c12a10)         = 10763
set_robust_list(0x7f70f1c12a20, 24)     = 0
rt_sigaction(SIGRTMIN, {sa_handler=0x7f70f17e7cb0, sa_mask=[], sa_flags=SA_RESTORER|SA_SIGINFO, sa_restorer=0x7f70f17f4890}, NULL, 8) = 0
rt_sigaction(SIGRT_1, {sa_handler=0x7f70f17e7d50, sa_mask=[], sa_flags=SA_RESTORER|SA_RESTART|SA_SIGINFO, sa_restorer=0x7f70f17f4890}, NULL, 8) = 0
rt_sigprocmask(SIG_UNBLOCK, [RTMIN RT_1], NULL, 8) = 0
prlimit64(0, RLIMIT_STACK, NULL, {rlim_cur=8192*1024, rlim_max=RLIM64_INFINITY}) = 0
fstat(1, {st_mode=S_IFCHR|0620, st_rdev=makedev(136, 0), ...}) = 0
brk(NULL)                               = 0x55af54811000
brk(0x55af54832000)                     = 0x55af54832000
write(1, "./fifo is not proper. select sec"..., 52) = 52
exit_group(-1)                          = ?
+++ exited with 255 +++
